0 info it worked if it ends with ok
1 verbose cli [ 'C:\\Program Files\\nodejs\\node.exe',
1 verbose cli   'C:\\Users\\533964\\AppData\\Roaming\\npm\\node_modules\\npm\\bin\\npm-cli.js',
1 verbose cli   'start' ]
2 info using npm@3.10.10
3 info using node@v6.9.5
4 verbose run-script [ 'prestart', 'start', 'poststart' ]
5 info lifecycle FEWD-Complex-Sc-1@0.0.1~prestart: FEWD-Complex-Sc-1@0.0.1
6 silly lifecycle FEWD-Complex-Sc-1@0.0.1~prestart: no script for prestart, continuing
7 info lifecycle FEWD-Complex-Sc-1@0.0.1~start: FEWD-Complex-Sc-1@0.0.1
8 verbose lifecycle FEWD-Complex-Sc-1@0.0.1~start: unsafe-perm in lifecycle true
9 verbose lifecycle FEWD-Complex-Sc-1@0.0.1~start: PATH: C:\Users\533964\AppData\Roaming\npm\node_modules\npm\bin\node-gyp-bin;D:\Project_code\Project_code\node_modules\.bin;C:\Users\533964\bin;C:\Program Files\Git\mingw64\bin;C:\Program Files\Git\usr\local\bin;C:\Program Files\Git\usr\bin;C:\Program Files\Git\usr\bin;C:\Program Files\Git\mingw64\bin;C:\Program Files\Git\usr\bin;C:\Users\533964\bin;C:\Program Files\Docker\Docker\Resources\bin;C:\ProgramData\Oracle\Java\javapath;C:\WINDOWS\system32;C:\WINDOWS;C:\WINDOWS\System32\Wbem;C:\WINDOWS\System32\WindowsPowerShell\v1.0;C:\WINDOWS\system32\config\systemprofile\AppData\Roaming\npm;C:\Program Files\Git\cmd;C:\Program Files\nodejs;C:\ProgramData\Oracle\Java\javapath;C:\WINDOWS\system32;C:\WINDOWS;C:\WINDOWS\System32\Wbem;C:\WINDOWS\System32\WindowsPowerShell\v1.0;C:\Program Files\nodejs;C:\WINDOWS\system32\config\systemprofile\AppData\Roaming\npm;C:\Program Files\Git\cmd;C:\Users\533964\AppData\Roaming\npm;C:\Program Files\Git\usr\bin\vendor_perl;C:\Program Files\Git\usr\bin\core_perl
10 verbose lifecycle FEWD-Complex-Sc-1@0.0.1~start: CWD: D:\Project_code\Project_code
11 silly lifecycle FEWD-Complex-Sc-1@0.0.1~start: Args: [ '/d /s /c', 'node run.js' ]
12 silly lifecycle FEWD-Complex-Sc-1@0.0.1~start: Returned: code: 1  signal: null
13 info lifecycle FEWD-Complex-Sc-1@0.0.1~start: Failed to exec start script
14 verbose stack Error: FEWD-Complex-Sc-1@0.0.1 start: `node run.js`
14 verbose stack Exit status 1
14 verbose stack     at EventEmitter.<anonymous> (C:\Users\533964\AppData\Roaming\npm\node_modules\npm\lib\utils\lifecycle.js:255:16)
14 verbose stack     at emitTwo (events.js:106:13)
14 verbose stack     at EventEmitter.emit (events.js:191:7)
14 verbose stack     at ChildProcess.<anonymous> (C:\Users\533964\AppData\Roaming\npm\node_modules\npm\lib\utils\spawn.js:40:14)
14 verbose stack     at emitTwo (events.js:106:13)
14 verbose stack     at ChildProcess.emit (events.js:191:7)
14 verbose stack     at maybeClose (internal/child_process.js:877:16)
14 verbose stack     at Process.ChildProcess._handle.onexit (internal/child_process.js:226:5)
15 verbose pkgid FEWD-Complex-Sc-1@0.0.1
16 verbose cwd D:\Project_code\Project_code
17 error Windows_NT 10.0.10586
18 error argv "C:\\Program Files\\nodejs\\node.exe" "C:\\Users\\533964\\AppData\\Roaming\\npm\\node_modules\\npm\\bin\\npm-cli.js" "start"
19 error node v6.9.5
20 error npm  v3.10.10
21 error code ELIFECYCLE
22 error FEWD-Complex-Sc-1@0.0.1 start: `node run.js`
22 error Exit status 1
23 error Failed at the FEWD-Complex-Sc-1@0.0.1 start script 'node run.js'.
23 error Make sure you have the latest version of node.js and npm installed.
23 error If you do, this is most likely a problem with the FEWD-Complex-Sc-1 package,
23 error not with npm itself.
23 error Tell the author that this fails on your system:
23 error     node run.js
23 error You can get information on how to open an issue for this project with:
23 error     npm bugs FEWD-Complex-Sc-1
23 error Or if that isn't available, you can get their info via:
23 error     npm owner ls FEWD-Complex-Sc-1
23 error There is likely additional logging output above.
24 verbose exit [ 1, true ]
